<?xml version="1.0" encoding="UTF-8"?>
<!-- Generated by org.testng.reporters.JUnitXMLReporter -->
<testsuite ignored="1" hostname="DESKTOP-7UARISK" failures="0" tests="1" name="Subscriptions Regression Test" time="21.947" errors="0" timestamp="2024-03-16T22:45:11 EEST">
  <testcase classname="eWaybill.eWaybillTestCycle.clearingAgentCycle" name="cancel_eWaybill" time="17.248"/>
  <testcase classname="eWaybill.eWaybillTestCycle.clearingAgentCycle" name="create_eWaybill" time="0.0">
    <ignored/>
  </testcase> <!-- create_eWaybill -->
</testsuite> <!-- Subscriptions Regression Test -->
