<?xml version="1.0" encoding="UTF-8"?>
<testng-results ignored="1" total="2" passed="1" failed="0" skipped="0">
  <reporter-output>
  </reporter-output>
  <suite started-at="2024-03-16T22:44:49 EEST" name="Registration Suite" finished-at="2024-03-16T22:45:11 EEST" duration-ms="21947">
    <groups>
    </groups>
    <test started-at="2024-03-16T22:44:49 EEST" name="Subscriptions Regression Test" finished-at="2024-03-16T22:45:11 EEST" duration-ms="21947">
      <class name="eWaybill.eWaybillTestCycle.clearingAgentCycle">
        <test-method is-config="true" signature="testSetup(java.lang.String,java.lang.reflect.Method)[pri:0, instance:eWaybill.eWaybillTestCycle.clearingAgentCycle@33671907]" started-at="2024-03-16T22:44:49 EEST" name="testSetup" finished-at="2024-03-16T22:44:52 EEST" duration-ms="2170" status="PASS">
          <params>
            <param index="0">
              <value>
                <![CDATA[edge]]>
              </value>
            </param>
            <param index="1">
              <value>
                <![CDATA[public void eWaybill.eWaybillTestCycle.clearingAgentCycle.cancel_eWaybill() throws java.io.IOException,java.lang.InterruptedException]]>
              </value>
            </param>
          </params>
          <reporter-output>
          </reporter-output>
        </test-method> <!-- testSetup -->
        <test-method signature="cancel_eWaybill()[pri:0, instance:eWaybill.eWaybillTestCycle.clearingAgentCycle@33671907]" started-at="2024-03-16T22:44:52 EEST" name="cancel_eWaybill" finished-at="2024-03-16T22:45:09 EEST" duration-ms="17248" status="PASS">
          <reporter-output>
          </reporter-output>
        </test-method> <!-- cancel_eWaybill -->
        <test-method is-config="true" signature="testTearDown()[pri:0, instance:eWaybill.eWaybillTestCycle.clearingAgentCycle@33671907]" started-at="2024-03-16T22:45:09 EEST" name="testTearDown" finished-at="2024-03-16T22:45:11 EEST" duration-ms="2506" status="PASS">
          <reporter-output>
          </reporter-output>
        </test-method> <!-- testTearDown -->
      </class> <!-- eWaybill.eWaybillTestCycle.clearingAgentCycle -->
    </test> <!-- Subscriptions Regression Test -->
  </suite> <!-- Registration Suite -->
</testng-results>
