<?xml version="1.0" encoding="UTF-8"?>
<testng-results ignored="0" total="1" passed="1" failed="0" skipped="0">
  <reporter-output>
  </reporter-output>
  <suite started-at="2023-09-19T21:12:21 EEST" name="Registration Suite" finished-at="2023-09-19T21:12:35 EEST" duration-ms="13046">
    <groups>
    </groups>
    <test started-at="2023-09-19T21:12:21 EEST" name="Subscriptions Regression Test" finished-at="2023-09-19T21:12:35 EEST" duration-ms="13046">
      <class name="eWaybill.RegistrationTests">
        <test-method is-config="true" signature="testSetup(java.lang.String,java.lang.reflect.Method)[pri:0, instance:eWaybill.RegistrationTests@261275ae]" started-at="2023-09-19T21:12:21 EEST" name="testSetup" finished-at="2023-09-19T21:12:26 EEST" duration-ms="4715" status="PASS">
          <params>
            <param index="0">
              <value>
                <![CDATA[edge]]>
              </value>
            </param>
            <param index="1">
              <value>
                <![CDATA[public void eWaybill.RegistrationTests.freightForwarderRoleRegistration() throws java.io.IOException,java.lang.InterruptedException]]>
              </value>
            </param>
          </params>
          <reporter-output>
          </reporter-output>
        </test-method> <!-- testSetup -->
        <test-method signature="freightForwarderRoleRegistration()[pri:0, instance:eWaybill.RegistrationTests@261275ae]" started-at="2023-09-19T21:12:26 EEST" name="freightForwarderRoleRegistration" finished-at="2023-09-19T21:12:34 EEST" duration-ms="8013" status="PASS">
          <reporter-output>
          </reporter-output>
        </test-method> <!-- freightForwarderRoleRegistration -->
        <test-method is-config="true" signature="testTearDown()[pri:0, instance:eWaybill.RegistrationTests@261275ae]" started-at="2023-09-19T21:12:34 EEST" name="testTearDown" finished-at="2023-09-19T21:12:35 EEST" duration-ms="302" status="PASS">
          <reporter-output>
          </reporter-output>
        </test-method> <!-- testTearDown -->
      </class> <!-- eWaybill.RegistrationTests -->
    </test> <!-- Subscriptions Regression Test -->
  </suite> <!-- Registration Suite -->
</testng-results>
